Arguments: 
  /usr/local/bin/node /usr/local/bin/yarn add lodash

PATH: 
  /Library/Java/JavaVirtualMachines/jdk1.8.0_211.jdk/Contents/Home/bin:/Users/zerlous/anaconda3/bin:/Users/zerlous/anaconda3/condabin:/usr/local/bin:/usr/bin:/bin:/usr/sbin:/sbin:.:/Users/zerlous/MyProjects/apache-jmeter-5.1.1/bin:/Users/zerlous/anaconda3/bin:/Users/zerlous/anaconda3/condabin:/usr/local/bin:/usr/bin:/bin:/usr/sbin:/sbin

Yarn version: 
  1.13.0

Node version: 
  8.12.0

Platform: 
  darwin x64

Trace: 
  Error: ENOENT: no such file or directory, copyfile '/Users/zerlous/Library/Caches/Yarn/v4/npm-ms-2.1.2-d09d1f357b443f493382a8eb3ccd183872ae6009/node_modules/ms/package.json' -> '/Users/zerlous/Desktop/Learn/hexo/leetCode/node_modules/eslint/node_modules/ms/package.json'

npm manifest: 
  {
    "name": "leetcode",
    "version": "1.0.0",
    "description": "all my leetcode submissions.",
    "main": "index.js",
    "scripts": {
      "test": "npm run lint && mocha",
      "lint": "eslint . && echo 'ESLint Passed.\n'",
      "fix": "eslint --fix problems"
    },
    "repository": {
      "type": "git",
      "url": "git+https://github.com/zerlous/leetCode.git"
    },
    "author": "zerlous",
    "license": "MIT",
    "bugs": {
      "url": "https://github.com/zerlous/leetCode/issues"
    },
    "homepage": "https://github.com/zerlous/leetCode#readme",
    "devDependencies": {
      "eslint": "^5.7.0",
      "eslint-config-airbnb": "^17.1.0",
      "glob": "^7.1.3",
      "mocha": "^5.2.0"
    }
  }

yarn manifest: 
  No manifest

Lockfile: 
  No lockfile
